19-Dec-2016 16:25:54.007 SEVERE [main] org.apache.catalina.startup.Catalina.initDirs Cannot find specified temporary folder at D:/Pacific Epoch/Downloads/WebCloudMusicExporter/tomcat/temp
19-Dec-2016 16:25:54.340 INFO [main] org.apache.catalina.startup.VersionLoggerListener.log Server version:        Apache Tomcat/9.0.0.M3
19-Dec-2016 16:25:54.341 INFO [main] org.apache.catalina.startup.VersionLoggerListener.log Server built:          Feb 1 2016 20:52:49 UTC
19-Dec-2016 16:25:54.341 INFO [main] org.apache.catalina.startup.VersionLoggerListener.log Server number:         9.0.0.0
19-Dec-2016 16:25:54.341 INFO [main] org.apache.catalina.startup.VersionLoggerListener.log OS Name:               Windows 10
19-Dec-2016 16:25:54.341 INFO [main] org.apache.catalina.startup.VersionLoggerListener.log OS Version:            10.0
19-Dec-2016 16:25:54.341 INFO [main] org.apache.catalina.startup.VersionLoggerListener.log Architecture:          amd64
19-Dec-2016 16:25:54.341 INFO [main] org.apache.catalina.startup.VersionLoggerListener.log Java Home:             C:\Program Files\Java\jdk1.8.0_111\jre
19-Dec-2016 16:25:54.341 INFO [main] org.apache.catalina.startup.VersionLoggerListener.log JVM Version:           1.8.0_111-b14
19-Dec-2016 16:25:54.341 INFO [main] org.apache.catalina.startup.VersionLoggerListener.log JVM Vendor:            Oracle Corporation
19-Dec-2016 16:25:54.341 INFO [main] org.apache.catalina.startup.VersionLoggerListener.log CATALINA_BASE:         D:\Pacific Epoch\Downloads\WebCloudMusicExporter\tomcat
19-Dec-2016 16:25:54.341 INFO [main] org.apache.catalina.startup.VersionLoggerListener.log CATALINA_HOME:         D:\Pacific Epoch\Downloads\WebCloudMusicExporter\tomcat
19-Dec-2016 16:25:54.341 INFO [main] org.apache.catalina.startup.VersionLoggerListener.log Command line argument: -Djava.util.logging.config.file=D:/Pacific Epoch/Downloads/WebCloudMusicExporter/tomcat/conf/logging.properties
19-Dec-2016 16:25:54.342 INFO [main] org.apache.catalina.startup.VersionLoggerListener.log Command line argument: -Djava.util.logging.manager=org.apache.juli.ClassLoaderLogManager
19-Dec-2016 16:25:54.342 INFO [main] org.apache.catalina.startup.VersionLoggerListener.log Command line argument: -Dfile.encoding=UTF8
19-Dec-2016 16:25:54.342 INFO [main] org.apache.catalina.startup.VersionLoggerListener.log Command line argument: -Dsun.jnu.encoding=UTF8
19-Dec-2016 16:25:54.342 INFO [main] org.apache.catalina.startup.VersionLoggerListener.log Command line argument: -Dcatalina.base=D:/Pacific Epoch/Downloads/WebCloudMusicExporter/tomcat
19-Dec-2016 16:25:54.342 INFO [main] org.apache.catalina.startup.VersionLoggerListener.log Command line argument: -Dcatalina.home=D:/Pacific Epoch/Downloads/WebCloudMusicExporter/tomcat
19-Dec-2016 16:25:54.342 INFO [main] org.apache.catalina.startup.VersionLoggerListener.log Command line argument: -Djava.io.tmpdir=D:/Pacific Epoch/Downloads/WebCloudMusicExporter/tomcat/temp
19-Dec-2016 16:25:54.342 INFO [main] org.apache.catalina.core.AprLifecycleListener.lifecycleEvent The APR based Apache Tomcat Native library which allows optimal performance in production environments was not found on the java.library.path: C:\Program Files\Java\jdk1.8.0_111\bin;C:\WINDOWS\Sun\Java\bin;C:\WINDOWS\system32;C:\WINDOWS;C:\Users\Administrator\bin;D:\Program Files\Git\mingw64\bin;D:\Program Files\Git\usr\local\bin;D:\Program Files\Git\usr\bin;D:\Program Files\Git\usr\bin;D:\Program Files\Git\mingw64\bin;D:\Program Files\Git\usr\bin;C:\Users\Administrator\bin;C:\ProgramData\Oracle\Java\javapath;C:\WINDOWS\system32;C:\WINDOWS;C:\WINDOWS\System32\Wbem;C:\WINDOWS\System32\WindowsPowerShell\v1.0;C:\Program Files (x86)\Skype\Phone;D:\Program Files\Git\cmd;D:\Program Files\Git\mingw64\bin;D:\Program Files\Git\usr\bin;%USERPROFILE%\.dnx\bin;C:\Program Files\Microsoft DNX\Dnvm;C:\Program Files\Microsoft SQL Server\130\Tools\Binn;C:\Program Files\Microsoft\Web Platform Installer;C:\apache-ant-1.9.7\bin;C:\Users\Administrator\AppData\Local\Programs\Python\Python35-32\Scripts;C:\Users\Administrator\AppData\Local\Programs\Python\Python35-32;C:\Users\Administrator\.babun;C:\Users\Administrator\AppData\Local\Microsoft\WindowsApps;D:\Program Files\Git\usr\bin\vendor_perl;D:\Program Files\Git\usr\bin\core_perl;.
19-Dec-2016 16:25:54.511 INFO [main] org.apache.coyote.AbstractProtocol.init Initializing ProtocolHandler ["http-nio-8080"]
19-Dec-2016 16:25:54.592 INFO [main] org.apache.tomcat.util.net.NioSelectorPool.getSharedSelector Using a shared selector for servlet write/read
19-Dec-2016 16:25:54.594 INFO [main] org.apache.coyote.AbstractProtocol.init Initializing ProtocolHandler ["ajp-nio-8009"]
19-Dec-2016 16:25:54.596 INFO [main] org.apache.tomcat.util.net.NioSelectorPool.getSharedSelector Using a shared selector for servlet write/read
19-Dec-2016 16:25:54.596 INFO [main] org.apache.catalina.startup.Catalina.load Initialization processed in 590 ms
19-Dec-2016 16:25:54.619 INFO [main] org.apache.catalina.core.StandardService.startInternal Starting service Catalina
19-Dec-2016 16:25:54.619 INFO [main] org.apache.catalina.core.StandardEngine.startInternal Starting Servlet Engine: Apache Tomcat/9.0.0.M3
19-Dec-2016 16:25:54.640 WARNING [localhost-startStop-1] org.apache.catalina.core.StandardContext.setPath A context path must either be an empty string or start with a '/' and do not end with a '/'. The path [/] does not meet these criteria and has been changed to []
19-Dec-2016 16:25:54.641 INFO [localhost-startStop-1] org.apache.catalina.startup.HostConfig.deployWAR Deploying web application archive D:\Pacific Epoch\Downloads\WebCloudMusicExporter\tomcat\webapps\cloudmusic.war
19-Dec-2016 16:25:54.679 INFO [localhost-startStop-1] org.apache.catalina.startup.ExpandWar.expand An expanded directory [D:\Pacific Epoch\Downloads\WebCloudMusicExporter\tomcat\webapps\cloudmusic] was found with a last modified time that did not match the associated WAR. It will be deleted.
19-Dec-2016 16:25:55.123 INFO [localhost-startStop-1] org.apache.jasper.servlet.TldScanner.scanJars At least one JAR was scanned for TLDs yet contained no TLDs. Enable debug logging for this logger for a complete list of JARs that were scanned but no TLDs were found in them. Skipping unneeded JARs during scanning can improve startup time and JSP compilation time.
19-Dec-2016 16:25:55.160 INFO [localhost-startStop-1] org.apache.catalina.startup.HostConfig.deployWAR Deployment of web application archive D:\Pacific Epoch\Downloads\WebCloudMusicExporter\tomcat\webapps\cloudmusic.war has finished in 518 ms
19-Dec-2016 16:25:55.160 INFO [localhost-startStop-1] org.apache.catalina.startup.HostConfig.deployDirectory Deploying web application directory D:\Pacific Epoch\Downloads\WebCloudMusicExporter\tomcat\webapps\docs
19-Dec-2016 16:25:55.175 INFO [localhost-startStop-1] org.apache.catalina.startup.HostConfig.deployDirectory Deployment of web application directory D:\Pacific Epoch\Downloads\WebCloudMusicExporter\tomcat\webapps\docs has finished in 15 ms
19-Dec-2016 16:25:55.175 INFO [localhost-startStop-1] org.apache.catalina.startup.HostConfig.deployDirectory Deploying web application directory D:\Pacific Epoch\Downloads\WebCloudMusicExporter\tomcat\webapps\examples
19-Dec-2016 16:25:55.396 INFO [localhost-startStop-1] org.apache.catalina.startup.HostConfig.deployDirectory Deployment of web application directory D:\Pacific Epoch\Downloads\WebCloudMusicExporter\tomcat\webapps\examples has finished in 221 ms
19-Dec-2016 16:25:55.396 INFO [localhost-startStop-1] org.apache.catalina.startup.HostConfig.deployDirectory Deploying web application directory D:\Pacific Epoch\Downloads\WebCloudMusicExporter\tomcat\webapps\host-manager
19-Dec-2016 16:25:55.413 INFO [localhost-startStop-1] org.apache.catalina.startup.HostConfig.deployDirectory Deployment of web application directory D:\Pacific Epoch\Downloads\WebCloudMusicExporter\tomcat\webapps\host-manager has finished in 17 ms
19-Dec-2016 16:25:55.413 INFO [localhost-startStop-1] org.apache.catalina.startup.HostConfig.deployDirectory Deploying web application directory D:\Pacific Epoch\Downloads\WebCloudMusicExporter\tomcat\webapps\manager
19-Dec-2016 16:25:55.428 INFO [localhost-startStop-1] org.apache.catalina.startup.HostConfig.deployDirectory Deployment of web application directory D:\Pacific Epoch\Downloads\WebCloudMusicExporter\tomcat\webapps\manager has finished in 15 ms
19-Dec-2016 16:25:55.429 INFO [localhost-startStop-1] org.apache.catalina.startup.HostConfig.deployDirectory Deploying web application directory D:\Pacific Epoch\Downloads\WebCloudMusicExporter\tomcat\webapps\ROOT
19-Dec-2016 16:25:55.429 WARNING [localhost-startStop-1] org.apache.catalina.core.StandardContext.setPath A context path must either be an empty string or start with a '/' and do not end with a '/'. The path [/] does not meet these criteria and has been changed to []
19-Dec-2016 16:25:55.603 INFO [localhost-startStop-1] org.apache.jasper.servlet.TldScanner.scanJars At least one JAR was scanned for TLDs yet contained no TLDs. Enable debug logging for this logger for a complete list of JARs that were scanned but no TLDs were found in them. Skipping unneeded JARs during scanning can improve startup time and JSP compilation time.
19-Dec-2016 16:25:55.607 INFO [localhost-startStop-1] org.apache.catalina.startup.HostConfig.deployDirectory Deployment of web application directory D:\Pacific Epoch\Downloads\WebCloudMusicExporter\tomcat\webapps\ROOT has finished in 178 ms
19-Dec-2016 16:25:55.609 INFO [main] org.apache.coyote.AbstractProtocol.start Starting ProtocolHandler [http-nio-8080]
19-Dec-2016 16:25:55.614 INFO [main] org.apache.coyote.AbstractProtocol.start Starting ProtocolHandler [ajp-nio-8009]
19-Dec-2016 16:25:55.615 INFO [main] org.apache.catalina.startup.Catalina.start Server startup in 1018 ms
