17-Mar-2016 01:22:24.420 INFO [main] org.apache.catalina.startup.VersionLoggerListener.log Server version:        Apache Tomcat/9.0.0.M3
17-Mar-2016 01:22:24.423 INFO [main] org.apache.catalina.startup.VersionLoggerListener.log Server built:          Feb 1 2016 20:52:49 UTC
17-Mar-2016 01:22:24.424 INFO [main] org.apache.catalina.startup.VersionLoggerListener.log Server number:         9.0.0.0
17-Mar-2016 01:22:24.424 INFO [main] org.apache.catalina.startup.VersionLoggerListener.log OS Name:               Mac OS X
17-Mar-2016 01:22:24.424 INFO [main] org.apache.catalina.startup.VersionLoggerListener.log OS Version:            10.11.3
17-Mar-2016 01:22:24.424 INFO [main] org.apache.catalina.startup.VersionLoggerListener.log Architecture:          x86_64
17-Mar-2016 01:22:24.425 INFO [main] org.apache.catalina.startup.VersionLoggerListener.log Java Home:             /Library/Java/JavaVirtualMachines/jdk1.8.0_65.jdk/Contents/Home/jre
17-Mar-2016 01:22:24.425 INFO [main] org.apache.catalina.startup.VersionLoggerListener.log JVM Version:           1.8.0_65-b17
17-Mar-2016 01:22:24.425 INFO [main] org.apache.catalina.startup.VersionLoggerListener.log JVM Vendor:            Oracle Corporation
17-Mar-2016 01:22:24.425 INFO [main] org.apache.catalina.startup.VersionLoggerListener.log CATALINA_BASE:         /Users/FireAwayH/Github/WebCloudMusicExporter/tomcat
17-Mar-2016 01:22:24.425 INFO [main] org.apache.catalina.startup.VersionLoggerListener.log CATALINA_HOME:         /Users/FireAwayH/Github/WebCloudMusicExporter/tomcat
17-Mar-2016 01:22:24.427 INFO [main] org.apache.catalina.startup.VersionLoggerListener.log Command line argument: -Djava.util.logging.config.file=/Users/FireAwayH/Github/WebCloudMusicExporter/tomcat/conf/logging.properties
17-Mar-2016 01:22:24.429 INFO [main] org.apache.catalina.startup.VersionLoggerListener.log Command line argument: -Djava.util.logging.manager=org.apache.juli.ClassLoaderLogManager
17-Mar-2016 01:22:24.432 INFO [main] org.apache.catalina.startup.VersionLoggerListener.log Command line argument: -Dfile.encoding=UTF8
17-Mar-2016 01:22:24.433 INFO [main] org.apache.catalina.startup.VersionLoggerListener.log Command line argument: -Dsun.jnu.encoding=UTF8
17-Mar-2016 01:22:24.433 INFO [main] org.apache.catalina.startup.VersionLoggerListener.log Command line argument: -Dcatalina.base=/Users/FireAwayH/Github/WebCloudMusicExporter/tomcat
17-Mar-2016 01:22:24.433 INFO [main] org.apache.catalina.startup.VersionLoggerListener.log Command line argument: -Dcatalina.home=/Users/FireAwayH/Github/WebCloudMusicExporter/tomcat
17-Mar-2016 01:22:24.434 INFO [main] org.apache.catalina.startup.VersionLoggerListener.log Command line argument: -Djava.io.tmpdir=/Users/FireAwayH/Github/WebCloudMusicExporter/tomcat/temp
17-Mar-2016 01:22:24.434 INFO [main] org.apache.catalina.core.AprLifecycleListener.lifecycleEvent The APR based Apache Tomcat Native library which allows optimal performance in production environments was not found on the java.library.path: /Users/FireAwayH/Library/Java/Extensions:/Library/Java/Extensions:/Network/Library/Java/Extensions:/System/Library/Java/Extensions:/usr/lib/java:.
17-Mar-2016 01:22:24.795 INFO [main] org.apache.coyote.AbstractProtocol.init Initializing ProtocolHandler ["http-nio-8080"]
17-Mar-2016 01:22:24.855 INFO [main] org.apache.tomcat.util.net.NioSelectorPool.getSharedSelector Using a shared selector for servlet write/read
17-Mar-2016 01:22:24.859 INFO [main] org.apache.coyote.AbstractProtocol.init Initializing ProtocolHandler ["ajp-nio-8009"]
17-Mar-2016 01:22:24.863 INFO [main] org.apache.tomcat.util.net.NioSelectorPool.getSharedSelector Using a shared selector for servlet write/read
17-Mar-2016 01:22:24.864 INFO [main] org.apache.catalina.startup.Catalina.load Initialization processed in 1238 ms
17-Mar-2016 01:22:24.922 INFO [main] org.apache.catalina.core.StandardService.startInternal Starting service Catalina
17-Mar-2016 01:22:24.922 INFO [main] org.apache.catalina.core.StandardEngine.startInternal Starting Servlet Engine: Apache Tomcat/9.0.0.M3
17-Mar-2016 01:22:24.971 WARNING [localhost-startStop-1] org.apache.catalina.core.StandardContext.setPath A context path must either be an empty string or start with a '/' and do not end with a '/'. The path [/] does not meet these criteria and has been changed to []
17-Mar-2016 01:22:24.973 INFO [localhost-startStop-1] org.apache.catalina.startup.HostConfig.deployWAR Deploying web application archive /Users/FireAwayH/Github/WebCloudMusicExporter/tomcat/webapps/cloudmusic.war
17-Mar-2016 01:22:25.599 INFO [localhost-startStop-1] org.apache.jasper.servlet.TldScanner.scanJars At least one JAR was scanned for TLDs yet contained no TLDs. Enable debug logging for this logger for a complete list of JARs that were scanned but no TLDs were found in them. Skipping unneeded JARs during scanning can improve startup time and JSP compilation time.
17-Mar-2016 01:22:25.907 INFO [localhost-startStop-1] org.apache.catalina.util.SessionIdGeneratorBase.createSecureRandom Creation of SecureRandom instance for session ID generation using [SHA1PRNG] took [230] milliseconds.
17-Mar-2016 01:22:25.936 INFO [localhost-startStop-1] org.apache.catalina.startup.HostConfig.deployWAR Deployment of web application archive /Users/FireAwayH/Github/WebCloudMusicExporter/tomcat/webapps/cloudmusic.war has finished in 963 ms
17-Mar-2016 01:22:25.937 INFO [localhost-startStop-1] org.apache.catalina.startup.HostConfig.deployDirectory Deploying web application directory /Users/FireAwayH/Github/WebCloudMusicExporter/tomcat/webapps/docs
17-Mar-2016 01:22:25.972 INFO [localhost-startStop-1] org.apache.catalina.startup.HostConfig.deployDirectory Deployment of web application directory /Users/FireAwayH/Github/WebCloudMusicExporter/tomcat/webapps/docs has finished in 35 ms
17-Mar-2016 01:22:25.972 INFO [localhost-startStop-1] org.apache.catalina.startup.HostConfig.deployDirectory Deploying web application directory /Users/FireAwayH/Github/WebCloudMusicExporter/tomcat/webapps/examples
17-Mar-2016 01:22:26.391 INFO [localhost-startStop-1] org.apache.catalina.startup.HostConfig.deployDirectory Deployment of web application directory /Users/FireAwayH/Github/WebCloudMusicExporter/tomcat/webapps/examples has finished in 419 ms
17-Mar-2016 01:22:26.392 INFO [localhost-startStop-1] org.apache.catalina.startup.HostConfig.deployDirectory Deploying web application directory /Users/FireAwayH/Github/WebCloudMusicExporter/tomcat/webapps/host-manager
17-Mar-2016 01:22:26.425 INFO [localhost-startStop-1] org.apache.catalina.startup.HostConfig.deployDirectory Deployment of web application directory /Users/FireAwayH/Github/WebCloudMusicExporter/tomcat/webapps/host-manager has finished in 34 ms
17-Mar-2016 01:22:26.425 INFO [localhost-startStop-1] org.apache.catalina.startup.HostConfig.deployDirectory Deploying web application directory /Users/FireAwayH/Github/WebCloudMusicExporter/tomcat/webapps/manager
17-Mar-2016 01:22:26.453 INFO [localhost-startStop-1] org.apache.catalina.startup.HostConfig.deployDirectory Deployment of web application directory /Users/FireAwayH/Github/WebCloudMusicExporter/tomcat/webapps/manager has finished in 28 ms
17-Mar-2016 01:22:26.453 INFO [localhost-startStop-1] org.apache.catalina.startup.HostConfig.deployDirectory Deploying web application directory /Users/FireAwayH/Github/WebCloudMusicExporter/tomcat/webapps/ROOT
17-Mar-2016 01:22:26.455 WARNING [localhost-startStop-1] org.apache.catalina.core.StandardContext.setPath A context path must either be an empty string or start with a '/' and do not end with a '/'. The path [/] does not meet these criteria and has been changed to []
17-Mar-2016 01:22:26.535 INFO [localhost-startStop-1] org.apache.jasper.servlet.TldScanner.scanJars At least one JAR was scanned for TLDs yet contained no TLDs. Enable debug logging for this logger for a complete list of JARs that were scanned but no TLDs were found in them. Skipping unneeded JARs during scanning can improve startup time and JSP compilation time.
17-Mar-2016 01:22:26.539 INFO [localhost-startStop-1] org.apache.catalina.startup.HostConfig.deployDirectory Deployment of web application directory /Users/FireAwayH/Github/WebCloudMusicExporter/tomcat/webapps/ROOT has finished in 86 ms
17-Mar-2016 01:22:26.543 INFO [main] org.apache.coyote.AbstractProtocol.start Starting ProtocolHandler [http-nio-8080]
17-Mar-2016 01:22:26.552 INFO [main] org.apache.coyote.AbstractProtocol.start Starting ProtocolHandler [ajp-nio-8009]
17-Mar-2016 01:22:26.553 INFO [main] org.apache.catalina.startup.Catalina.start Server startup in 1689 ms
Download audition
17-Mar-2016 01:31:55.440 WARNING [main] org.apache.catalina.core.StandardServer.await StandardServer.await: Invalid command '' received
17-Mar-2016 01:32:47.472 INFO [ContainerBackgroundProcessor[StandardEngine[Catalina]]] org.apache.catalina.startup.HostConfig.undeploy Undeploying context [/cloudmusic]
17-Mar-2016 01:32:47.583 WARNING [localhost-startStop-2] org.apache.catalina.core.StandardContext.setPath A context path must either be an empty string or start with a '/' and do not end with a '/'. The path [/] does not meet these criteria and has been changed to []
17-Mar-2016 01:32:47.585 INFO [localhost-startStop-2] org.apache.catalina.startup.HostConfig.deployWAR Deploying web application archive /Users/FireAwayH/Github/WebCloudMusicExporter/tomcat/webapps/cloudmusic.war
17-Mar-2016 01:32:48.326 INFO [localhost-startStop-2] org.apache.catalina.startup.HostConfig.deployWAR Deployment of web application archive /Users/FireAwayH/Github/WebCloudMusicExporter/tomcat/webapps/cloudmusic.war has finished in 741 ms
17-Mar-2016 01:32:58.330 INFO [ContainerBackgroundProcessor[StandardEngine[Catalina]]] org.apache.catalina.startup.HostConfig.undeploy Undeploying context [/cloudmusic]
17-Mar-2016 01:32:58.352 WARNING [localhost-startStop-3] org.apache.catalina.core.StandardContext.setPath A context path must either be an empty string or start with a '/' and do not end with a '/'. The path [/] does not meet these criteria and has been changed to []
17-Mar-2016 01:32:58.353 INFO [localhost-startStop-3] org.apache.catalina.startup.HostConfig.deployWAR Deploying web application archive /Users/FireAwayH/Github/WebCloudMusicExporter/tomcat/webapps/cloudmusic.war
17-Mar-2016 01:32:58.610 INFO [localhost-startStop-3] org.apache.catalina.startup.HostConfig.deployWAR Deployment of web application archive /Users/FireAwayH/Github/WebCloudMusicExporter/tomcat/webapps/cloudmusic.war has finished in 257 ms
17-Mar-2016 01:33:09.119 INFO [ContainerBackgroundProcessor[StandardEngine[Catalina]]] org.apache.catalina.startup.HostConfig.undeploy Undeploying context [/cloudmusic]
17-Mar-2016 01:33:09.135 WARNING [localhost-startStop-4] org.apache.catalina.core.StandardContext.setPath A context path must either be an empty string or start with a '/' and do not end with a '/'. The path [/] does not meet these criteria and has been changed to []
17-Mar-2016 01:33:09.135 INFO [localhost-startStop-4] org.apache.catalina.startup.HostConfig.deployWAR Deploying web application archive /Users/FireAwayH/Github/WebCloudMusicExporter/tomcat/webapps/cloudmusic.war
17-Mar-2016 01:33:09.308 INFO [localhost-startStop-4] org.apache.catalina.startup.HostConfig.deployWAR Deployment of web application archive /Users/FireAwayH/Github/WebCloudMusicExporter/tomcat/webapps/cloudmusic.war has finished in 172 ms
17-Mar-2016 01:58:00.532 INFO [ContainerBackgroundProcessor[StandardEngine[Catalina]]] org.apache.catalina.startup.HostConfig.undeploy Undeploying context [/cloudmusic]
17-Mar-2016 01:58:00.600 WARNING [localhost-startStop-5] org.apache.catalina.core.StandardContext.setPath A context path must either be an empty string or start with a '/' and do not end with a '/'. The path [/] does not meet these criteria and has been changed to []
17-Mar-2016 01:58:00.602 INFO [localhost-startStop-5] org.apache.catalina.startup.HostConfig.deployWAR Deploying web application archive /Users/FireAwayH/Github/WebCloudMusicExporter/tomcat/webapps/cloudmusic.war
17-Mar-2016 01:58:00.859 INFO [localhost-startStop-5] org.apache.catalina.startup.HostConfig.deployWAR Deployment of web application archive /Users/FireAwayH/Github/WebCloudMusicExporter/tomcat/webapps/cloudmusic.war has finished in 255 ms
17-Mar-2016 01:59:41.455 INFO [ContainerBackgroundProcessor[StandardEngine[Catalina]]] org.apache.catalina.startup.HostConfig.undeploy Undeploying context [/cloudmusic]
17-Mar-2016 01:59:41.501 WARNING [localhost-startStop-6] org.apache.catalina.core.StandardContext.setPath A context path must either be an empty string or start with a '/' and do not end with a '/'. The path [/] does not meet these criteria and has been changed to []
17-Mar-2016 01:59:41.502 INFO [localhost-startStop-6] org.apache.catalina.startup.HostConfig.deployWAR Deploying web application archive /Users/FireAwayH/Github/WebCloudMusicExporter/tomcat/webapps/cloudmusic.war
17-Mar-2016 01:59:41.981 INFO [localhost-startStop-6] org.apache.catalina.startup.HostConfig.deployWAR Deployment of web application archive /Users/FireAwayH/Github/WebCloudMusicExporter/tomcat/webapps/cloudmusic.war has finished in 478 ms
17-Mar-2016 02:12:16.794 WARNING [main] org.apache.catalina.core.StandardServer.await StandardServer.await: Invalid command '' received
Download audition
Download audition
Download audition
Download audition
Error!
java.lang.NullPointerException
	at com.fireaway.h.main.MainServlet.getSongInfo(MainServlet.java:103)
	at com.fireaway.h.main.MainServlet.doGet(MainServlet.java:64)
	at javax.servlet.http.HttpServlet.service(HttpServlet.java:622)
	at javax.servlet.http.HttpServlet.service(HttpServlet.java:729)
	at org.apache.catalina.core.ApplicationFilterChain.internalDoFilter(ApplicationFilterChain.java:232)
	at org.apache.catalina.core.ApplicationFilterChain.doFilter(ApplicationFilterChain.java:165)
	at org.apache.tomcat.websocket.server.WsFilter.doFilter(WsFilter.java:53)
	at org.apache.catalina.core.ApplicationFilterChain.internalDoFilter(ApplicationFilterChain.java:193)
	at org.apache.catalina.core.ApplicationFilterChain.doFilter(ApplicationFilterChain.java:165)
	at com.fireaway.h.main.SetCharacterEncoding.doFilter(SetCharacterEncoding.java:19)
	at org.apache.catalina.core.ApplicationFilterChain.internalDoFilter(ApplicationFilterChain.java:193)
	at org.apache.catalina.core.ApplicationFilterChain.doFilter(ApplicationFilterChain.java:165)
	at org.apache.catalina.core.StandardWrapperValve.invoke(StandardWrapperValve.java:199)
	at org.apache.catalina.core.StandardContextValve.invoke(StandardContextValve.java:105)
	at org.apache.catalina.authenticator.AuthenticatorBase.invoke(AuthenticatorBase.java:506)
	at org.apache.catalina.core.StandardHostValve.invoke(StandardHostValve.java:140)
	at org.apache.catalina.valves.ErrorReportValve.invoke(ErrorReportValve.java:79)
	at org.apache.catalina.valves.AbstractAccessLogValve.invoke(AbstractAccessLogValve.java:620)
	at org.apache.catalina.core.StandardEngineValve.invoke(StandardEngineValve.java:87)
	at org.apache.catalina.connector.CoyoteAdapter.service(CoyoteAdapter.java:343)
	at org.apache.coyote.http11.Http11Processor.service(Http11Processor.java:1078)
	at org.apache.coyote.AbstractProcessorLight.process(AbstractProcessorLight.java:66)
	at org.apache.coyote.AbstractProtocol$ConnectionHandler.process(AbstractProtocol.java:760)
	at org.apache.tomcat.util.net.NioEndpoint$SocketProcessor.run(NioEndpoint.java:1524)
	at java.util.concurrent.ThreadPoolExecutor.runWorker(ThreadPoolExecutor.java:1142)
	at java.util.concurrent.ThreadPoolExecutor$Worker.run(ThreadPoolExecutor.java:617)
	at org.apache.tomcat.util.threads.TaskThread$WrappingRunnable.run(TaskThread.java:61)
	at java.lang.Thread.run(Thread.java:745)
17-Mar-2016 02:13:39.493 INFO [Thread-5] org.apache.coyote.AbstractProtocol.pause Pausing ProtocolHandler ["http-nio-8080"]
17-Mar-2016 02:13:39.564 INFO [Thread-5] org.apache.coyote.AbstractProtocol.pause Pausing ProtocolHandler ["ajp-nio-8009"]
17-Mar-2016 02:13:39.619 INFO [Thread-5] org.apache.catalina.core.StandardService.stopInternal Stopping service Catalina
17-Mar-2016 02:13:39.709 INFO [Thread-5] org.apache.coyote.AbstractProtocol.stop Stopping ProtocolHandler ["http-nio-8080"]
17-Mar-2016 02:13:39.715 INFO [Thread-5] org.apache.coyote.AbstractProtocol.stop Stopping ProtocolHandler ["ajp-nio-8009"]
17-Mar-2016 02:13:39.719 INFO [Thread-5] org.apache.coyote.AbstractProtocol.destroy Destroying ProtocolHandler ["http-nio-8080"]
17-Mar-2016 02:13:39.720 INFO [Thread-5] org.apache.coyote.AbstractProtocol.destroy Destroying ProtocolHandler ["ajp-nio-8009"]
17-Mar-2016 03:43:36.892 INFO [main] org.apache.catalina.startup.VersionLoggerListener.log Server version:        Apache Tomcat/9.0.0.M3
17-Mar-2016 03:43:36.894 INFO [main] org.apache.catalina.startup.VersionLoggerListener.log Server built:          Feb 1 2016 20:52:49 UTC
17-Mar-2016 03:43:36.894 INFO [main] org.apache.catalina.startup.VersionLoggerListener.log Server number:         9.0.0.0
17-Mar-2016 03:43:36.895 INFO [main] org.apache.catalina.startup.VersionLoggerListener.log OS Name:               Mac OS X
17-Mar-2016 03:43:36.895 INFO [main] org.apache.catalina.startup.VersionLoggerListener.log OS Version:            10.11.3
17-Mar-2016 03:43:36.895 INFO [main] org.apache.catalina.startup.VersionLoggerListener.log Architecture:          x86_64
17-Mar-2016 03:43:36.895 INFO [main] org.apache.catalina.startup.VersionLoggerListener.log Java Home:             /Library/Java/JavaVirtualMachines/jdk1.8.0_65.jdk/Contents/Home/jre
17-Mar-2016 03:43:36.895 INFO [main] org.apache.catalina.startup.VersionLoggerListener.log JVM Version:           1.8.0_65-b17
17-Mar-2016 03:43:36.895 INFO [main] org.apache.catalina.startup.VersionLoggerListener.log JVM Vendor:            Oracle Corporation
17-Mar-2016 03:43:36.895 INFO [main] org.apache.catalina.startup.VersionLoggerListener.log CATALINA_BASE:         /Users/FireAwayH/Github/WebCloudMusicExporter/tomcat
17-Mar-2016 03:43:36.896 INFO [main] org.apache.catalina.startup.VersionLoggerListener.log CATALINA_HOME:         /Users/FireAwayH/Github/WebCloudMusicExporter/tomcat
17-Mar-2016 03:43:36.896 INFO [main] org.apache.catalina.startup.VersionLoggerListener.log Command line argument: -Djava.util.logging.config.file=/Users/FireAwayH/Github/WebCloudMusicExporter/tomcat/conf/logging.properties
17-Mar-2016 03:43:36.896 INFO [main] org.apache.catalina.startup.VersionLoggerListener.log Command line argument: -Djava.util.logging.manager=org.apache.juli.ClassLoaderLogManager
17-Mar-2016 03:43:36.897 INFO [main] org.apache.catalina.startup.VersionLoggerListener.log Command line argument: -Dfile.encoding=UTF8
17-Mar-2016 03:43:36.897 INFO [main] org.apache.catalina.startup.VersionLoggerListener.log Command line argument: -Dsun.jnu.encoding=UTF8
17-Mar-2016 03:43:36.897 INFO [main] org.apache.catalina.startup.VersionLoggerListener.log Command line argument: -Dcatalina.base=/Users/FireAwayH/Github/WebCloudMusicExporter/tomcat
17-Mar-2016 03:43:36.897 INFO [main] org.apache.catalina.startup.VersionLoggerListener.log Command line argument: -Dcatalina.home=/Users/FireAwayH/Github/WebCloudMusicExporter/tomcat
17-Mar-2016 03:43:36.897 INFO [main] org.apache.catalina.startup.VersionLoggerListener.log Command line argument: -Djava.io.tmpdir=/Users/FireAwayH/Github/WebCloudMusicExporter/tomcat/temp
17-Mar-2016 03:43:36.897 INFO [main] org.apache.catalina.core.AprLifecycleListener.lifecycleEvent The APR based Apache Tomcat Native library which allows optimal performance in production environments was not found on the java.library.path: /Users/FireAwayH/Library/Java/Extensions:/Library/Java/Extensions:/Network/Library/Java/Extensions:/System/Library/Java/Extensions:/usr/lib/java:.
17-Mar-2016 03:43:37.072 INFO [main] org.apache.coyote.AbstractProtocol.init Initializing ProtocolHandler ["http-nio-8080"]
17-Mar-2016 03:43:37.102 INFO [main] org.apache.tomcat.util.net.NioSelectorPool.getSharedSelector Using a shared selector for servlet write/read
17-Mar-2016 03:43:37.105 INFO [main] org.apache.coyote.AbstractProtocol.init Initializing ProtocolHandler ["ajp-nio-8009"]
17-Mar-2016 03:43:37.108 INFO [main] org.apache.tomcat.util.net.NioSelectorPool.getSharedSelector Using a shared selector for servlet write/read
17-Mar-2016 03:43:37.108 INFO [main] org.apache.catalina.startup.Catalina.load Initialization processed in 859 ms
17-Mar-2016 03:43:37.146 INFO [main] org.apache.catalina.core.StandardService.startInternal Starting service Catalina
17-Mar-2016 03:43:37.146 INFO [main] org.apache.catalina.core.StandardEngine.startInternal Starting Servlet Engine: Apache Tomcat/9.0.0.M3
17-Mar-2016 03:43:37.182 WARNING [localhost-startStop-1] org.apache.catalina.core.StandardContext.setPath A context path must either be an empty string or start with a '/' and do not end with a '/'. The path [/] does not meet these criteria and has been changed to []
17-Mar-2016 03:43:37.184 INFO [localhost-startStop-1] org.apache.catalina.startup.HostConfig.deployWAR Deploying web application archive /Users/FireAwayH/Github/WebCloudMusicExporter/tomcat/webapps/cloudmusic.war
17-Mar-2016 03:43:37.903 INFO [localhost-startStop-1] org.apache.jasper.servlet.TldScanner.scanJars At least one JAR was scanned for TLDs yet contained no TLDs. Enable debug logging for this logger for a complete list of JARs that were scanned but no TLDs were found in them. Skipping unneeded JARs during scanning can improve startup time and JSP compilation time.
17-Mar-2016 03:43:37.995 INFO [localhost-startStop-1] org.apache.catalina.startup.HostConfig.deployWAR Deployment of web application archive /Users/FireAwayH/Github/WebCloudMusicExporter/tomcat/webapps/cloudmusic.war has finished in 810 ms
17-Mar-2016 03:43:37.995 INFO [localhost-startStop-1] org.apache.catalina.startup.HostConfig.deployDirectory Deploying web application directory /Users/FireAwayH/Github/WebCloudMusicExporter/tomcat/webapps/docs
17-Mar-2016 03:43:38.018 INFO [localhost-startStop-1] org.apache.catalina.startup.HostConfig.deployDirectory Deployment of web application directory /Users/FireAwayH/Github/WebCloudMusicExporter/tomcat/webapps/docs has finished in 23 ms
17-Mar-2016 03:43:38.019 INFO [localhost-startStop-1] org.apache.catalina.startup.HostConfig.deployDirectory Deploying web application directory /Users/FireAwayH/Github/WebCloudMusicExporter/tomcat/webapps/examples
17-Mar-2016 03:43:38.526 INFO [localhost-startStop-1] org.apache.catalina.startup.HostConfig.deployDirectory Deployment of web application directory /Users/FireAwayH/Github/WebCloudMusicExporter/tomcat/webapps/examples has finished in 507 ms
17-Mar-2016 03:43:38.527 INFO [localhost-startStop-1] org.apache.catalina.startup.HostConfig.deployDirectory Deploying web application directory /Users/FireAwayH/Github/WebCloudMusicExporter/tomcat/webapps/host-manager
17-Mar-2016 03:43:38.564 INFO [localhost-startStop-1] org.apache.catalina.startup.HostConfig.deployDirectory Deployment of web application directory /Users/FireAwayH/Github/WebCloudMusicExporter/tomcat/webapps/host-manager has finished in 37 ms
17-Mar-2016 03:43:38.564 INFO [localhost-startStop-1] org.apache.catalina.startup.HostConfig.deployDirectory Deploying web application directory /Users/FireAwayH/Github/WebCloudMusicExporter/tomcat/webapps/manager
17-Mar-2016 03:43:38.588 INFO [localhost-startStop-1] org.apache.catalina.startup.HostConfig.deployDirectory Deployment of web application directory /Users/FireAwayH/Github/WebCloudMusicExporter/tomcat/webapps/manager has finished in 24 ms
17-Mar-2016 03:43:38.588 INFO [localhost-startStop-1] org.apache.catalina.startup.HostConfig.deployDirectory Deploying web application directory /Users/FireAwayH/Github/WebCloudMusicExporter/tomcat/webapps/ROOT
17-Mar-2016 03:43:38.592 WARNING [localhost-startStop-1] org.apache.catalina.core.StandardContext.setPath A context path must either be an empty string or start with a '/' and do not end with a '/'. The path [/] does not meet these criteria and has been changed to []
17-Mar-2016 03:43:38.657 INFO [localhost-startStop-1] org.apache.jasper.servlet.TldScanner.scanJars At least one JAR was scanned for TLDs yet contained no TLDs. Enable debug logging for this logger for a complete list of JARs that were scanned but no TLDs were found in them. Skipping unneeded JARs during scanning can improve startup time and JSP compilation time.
17-Mar-2016 03:43:38.661 INFO [localhost-startStop-1] org.apache.catalina.startup.HostConfig.deployDirectory Deployment of web application directory /Users/FireAwayH/Github/WebCloudMusicExporter/tomcat/webapps/ROOT has finished in 73 ms
17-Mar-2016 03:43:38.666 INFO [main] org.apache.coyote.AbstractProtocol.start Starting ProtocolHandler [http-nio-8080]
17-Mar-2016 03:43:38.681 INFO [main] org.apache.coyote.AbstractProtocol.start Starting ProtocolHandler [ajp-nio-8009]
17-Mar-2016 03:43:38.682 INFO [main] org.apache.catalina.startup.Catalina.start Server startup in 1573 ms
17-Mar-2016 03:43:44.814 INFO [main] org.apache.catalina.core.StandardServer.await A valid shutdown command was received via the shutdown port. Stopping the Server instance.
17-Mar-2016 03:43:44.815 INFO [main] org.apache.coyote.AbstractProtocol.pause Pausing ProtocolHandler ["http-nio-8080"]
17-Mar-2016 03:43:44.870 INFO [main] org.apache.coyote.AbstractProtocol.pause Pausing ProtocolHandler ["ajp-nio-8009"]
17-Mar-2016 03:43:44.922 INFO [main] org.apache.catalina.core.StandardService.stopInternal Stopping service Catalina
17-Mar-2016 03:43:44.956 INFO [main] org.apache.coyote.AbstractProtocol.stop Stopping ProtocolHandler ["http-nio-8080"]
17-Mar-2016 03:43:44.966 INFO [main] org.apache.coyote.AbstractProtocol.stop Stopping ProtocolHandler ["ajp-nio-8009"]
17-Mar-2016 03:43:44.966 INFO [main] org.apache.coyote.AbstractProtocol.destroy Destroying ProtocolHandler ["http-nio-8080"]
17-Mar-2016 03:43:44.968 INFO [main] org.apache.coyote.AbstractProtocol.destroy Destroying ProtocolHandler ["ajp-nio-8009"]
